Build started 8/14/2018 4:22:11 PM.
Test run for C:\Users\stearm01\source\xBDD\Amazon.Features\bin\Debug\netcoreapp2.1\Amazon.Features.dll(.NETCoreApp,Version=v2.1)
Microsoft (R) Test Execution Command Line Tool Version 15.7.0
Copyright (c) Microsoft Corporation.  All rights reserved.

Starting test execution, please wait...
Starting ChromeDriver 2.41.578737 (49da6702b16031c40d63e5618de03a32ff6c197e) on port 63755
Only local connections are allowed.
Failed   SearchWithSearchButton_Failing
Error Message:
 Test method Amazon.Features.SearchingProducts.SearchingAllProducts_Failing.SearchWithSearchButton_Failing threw exception: 
xBDD.StepException: The step 'you will see the search results section is visible' threw a 'Exception' exception with a message: 'The web element (the search results section - #BAD_SELECTOR) was not found.'. See the inner exception for details. ---> System.Exception: The web element (the search results section - #BAD_SELECTOR) was not found.
Stack Trace:
    at xBDD.Browser.WebBrowser.<>c__DisplayClass12_0.<WaitTillVisible>b__0() in C:\Users\stearm01\source\xBDD\xBDD\Browser\WebBrowser.cs:line 187
   at System.Threading.ExecutionContext.RunInternal(ExecutionContext executionContext, ContextCallback callback, Object state)
--- End of stack trace from previous location where exception was thrown ---
   at System.Threading.Tasks.Task.ExecuteWithThreadLocal(Task& currentTaskSlot)
--- End of stack trace from previous location where exception was thrown ---
   at xBDD.Browser.PageElementConditions.<>c__DisplayClass9_0.<<IsVisible>b__0>d.MoveNext() in C:\Users\stearm01\source\xBDD\xBDD\Browser\PageElementConditions.cs:line 127
--- End of stack trace from previous location where exception was thrown ---
   at xBDD.Core.StepExecutor.ExecuteStepAsync(Step step) in C:\Users\stearm01\source\xBDD\xBDD\Core\StepExecutor.cs:line 29
--- End of inner exception stack trace ---
    at xBDD.Core.StepExceptionHandler.ProcessException(StepExecutor stepExecutor, Step step, Exception ex) in C:\Users\stearm01\source\xBDD\xBDD\Core\StepExceptionHandler.cs:line 63
   at xBDD.Core.StepExceptionHandler.HandleException(StepExecutor stepExecutor, Step step, Exception ex) in C:\Users\stearm01\source\xBDD\xBDD\Core\StepExceptionHandler.cs:line 29
   at xBDD.Core.StepExecutor.ExecuteStepAsync(Step step) in C:\Users\stearm01\source\xBDD\xBDD\Core\StepExecutor.cs:line 35
   at xBDD.Core.ScenarioRunner.RunAsync(Boolean passWhenNoAction) in C:\Users\stearm01\source\xBDD\xBDD\Core\ScenarioRunner.cs:line 135
   at xBDD.Core.ScenarioBuilder.Run() in C:\Users\stearm01\source\xBDD\xBDD\Core\ScenarioBuilder.cs:line 273
   at Amazon.Features.SearchingProducts.SearchingAllProducts_Failing.SearchWithSearchButton_Failing() in C:\Users\stearm01\source\xBDD\Amazon.Features\SearchingProducts\SearchingAllProducts_Failing.cs:line 26

Standard Output Messages:
 Search With Search Button Failing
     Given you navigate to the amazon home page
     When you enter the text 'echo' into the the search box input
     And you click the the search button
     Then you will see the search results section is visible
 

Debug Trace:
        Created ChromeDriver (2582ms)
         Loading Page (9403ms): https://www.amazon.com
         WaitTillVisible (2426ms): #twotabsearchtextbox
         SendKeys 'echo' (706ms): #twotabsearchtextbox
         WaitTillVisible (58ms): input[type=submit]
         Click (2660ms): input[type=submit]
         GetPageSource (171ms)



Total tests: 1. Passed: 0. Failed: 1. Skipped: 0.
Test execution time: 27.2478 Seconds

Build FAILED.
    0 Warning(s)
    0 Error(s)

Time Elapsed 00:00:28.53
